[debug] [2020-05-26T18:45:38.036Z] ----------------------------------------------------------------------
[debug] [2020-05-26T18:45:38.038Z] Command:       /home/lebeda/.nvm/versions/node/v12.16.3/bin/node /home/lebeda/.nvm/versions/node/v12.16.3/bin/firebase serve
[debug] [2020-05-26T18:45:38.038Z] CLI Version:   8.4.0
[debug] [2020-05-26T18:45:38.038Z] Platform:      linux
[debug] [2020-05-26T18:45:38.038Z] Node Version:  v12.16.3
[debug] [2020-05-26T18:45:38.039Z] Time:          Tue May 26 2020 20:45:38 GMT+0200 (Central European Summer Time)
[debug] [2020-05-26T18:45:38.039Z] ----------------------------------------------------------------------
[debug] [2020-05-26T18:45:38.039Z] 
[debug] [2020-05-26T18:45:38.044Z] > command requires scopes: ["email","openid","https://www.googleapis.com/auth/cloudplatformprojects.readonly","https://www.googleapis.com/auth/firebase","https://www.googleapis.com/auth/cloud-platform"]
[debug] [2020-05-26T18:45:38.045Z] > authorizing via signed-in user
[debug] [2020-05-26T18:45:38.045Z] [iam] checking project swiss-knife-61060 for permissions ["firebase.projects.get"]
[debug] [2020-05-26T18:45:38.047Z] >>> HTTP REQUEST POST https://cloudresourcemanager.googleapis.com/v1/projects/swiss-knife-61060:testIamPermissions  
 {"permissions":["firebase.projects.get"]}
[debug] [2020-05-26T18:45:39.109Z] <<< HTTP RESPONSE 200 {"content-type":"application/json; charset=UTF-8","vary":"X-Origin, Referer, Origin,Accept-Encoding","date":"Tue, 26 May 2020 18:45:38 GMT","server":"ESF","cache-control":"private","x-xss-protection":"0","x-frame-options":"SAMEORIGIN","x-content-type-options":"nosniff","server-timing":"gfet4t7; dur=899","alt-svc":"h3-27=\":443\"; ma=2592000,h3-25=\":443\"; ma=2592000,h3-T050=\":443\"; ma=2592000,h3-Q050=\":443\"; ma=2592000,h3-Q049=\":443\"; ma=2592000,h3-Q048=\":443\"; ma=2592000,h3-Q046=\":443\"; ma=2592000,h3-Q043=\":443\"; ma=2592000,quic=\":443\"; ma=2592000; v=\"46,43\"","accept-ranges":"none","transfer-encoding":"chunked"}
[debug] [2020-05-26T18:45:39.110Z] >>> HTTP REQUEST GET https://firebase.googleapis.com/v1beta1/projects/swiss-knife-61060  
 
[debug] [2020-05-26T18:45:39.496Z] <<< HTTP RESPONSE 200 {"content-type":"application/json; charset=UTF-8","vary":"X-Origin, Referer, Origin,Accept-Encoding","date":"Tue, 26 May 2020 18:45:39 GMT","server":"ESF","cache-control":"private","x-xss-protection":"0","x-frame-options":"SAMEORIGIN","x-content-type-options":"nosniff","alt-svc":"h3-27=\":443\"; ma=2592000,h3-25=\":443\"; ma=2592000,h3-T050=\":443\"; ma=2592000,h3-Q050=\":443\"; ma=2592000,h3-Q049=\":443\"; ma=2592000,h3-Q048=\":443\"; ma=2592000,h3-Q046=\":443\"; ma=2592000,h3-Q043=\":443\"; ma=2592000,quic=\":443\"; ma=2592000; v=\"46,43\"","accept-ranges":"none","transfer-encoding":"chunked"}
[info] 
[info] === Serving from '/mnt/c/Users/ded4l/code/swiss-knife'...
[info] 
[debug] [2020-05-26T18:45:39.499Z] >>> HTTP REQUEST GET https://firebase.googleapis.com/v1beta1/projects/swiss-knife-61060/webApps/-/config  
 
[warn] ⚠  Your requested "node" version "8" doesn't match your global version "12" {"metadata":{"emulator":{"name":"functions"},"message":"Your requested \"node\" version \"8\" doesn't match your global version \"12\""}}
[debug] [2020-05-26T18:45:40.288Z] <<< HTTP RESPONSE 200 {"content-type":"application/json; charset=UTF-8","vary":"X-Origin, Referer, Origin,Accept-Encoding","date":"Tue, 26 May 2020 18:45:40 GMT","server":"ESF","cache-control":"private","x-xss-protection":"0","x-frame-options":"SAMEORIGIN","x-content-type-options":"nosniff","alt-svc":"h3-27=\":443\"; ma=2592000,h3-25=\":443\"; ma=2592000,h3-T050=\":443\"; ma=2592000,h3-Q050=\":443\"; ma=2592000,h3-Q049=\":443\"; ma=2592000,h3-Q048=\":443\"; ma=2592000,h3-Q046=\":443\"; ma=2592000,h3-Q043=\":443\"; ma=2592000,quic=\":443\"; ma=2592000; v=\"46,43\"","accept-ranges":"none","transfer-encoding":"chunked"}
[info] i  functions: Watching "/mnt/c/Users/ded4l/code/swiss-knife/functions" for Cloud Functions... {"metadata":{"emulator":{"name":"functions"},"message":"Watching \"/mnt/c/Users/ded4l/code/swiss-knife/functions\" for Cloud Functions..."}}
[debug] [2020-05-26T18:45:40.382Z] [worker-pool] addWorker(~diagnostic~) {"metadata":{"emulator":{"name":"functions"},"message":"[worker-pool] addWorker(~diagnostic~)"}}
[debug] [2020-05-26T18:45:40.382Z] [worker-pool] Adding worker with key ~diagnostic~, total=1 {"metadata":{"emulator":{"name":"functions"},"message":"[worker-pool] Adding worker with key ~diagnostic~, total=1"}}
[debug] [2020-05-26T18:45:40.382Z] [worker-pool] submitWork(triggerId=) {"metadata":{"emulator":{"name":"functions"},"message":"[worker-pool] submitWork(triggerId=)"}}
[debug] [2020-05-26T18:45:40.383Z] [worker-~diagnostic~-e5054fde-c598-415a-9c0b-9851192c22a0]: Assigning socketPath: /tmp/fire_emu_9268.sock {"metadata":{"emulator":{"name":"functions"},"message":"[worker-~diagnostic~-e5054fde-c598-415a-9c0b-9851192c22a0]: Assigning socketPath: /tmp/fire_emu_9268.sock"}}
[debug] [2020-05-26T18:45:40.383Z] [worker-~diagnostic~-e5054fde-c598-415a-9c0b-9851192c22a0]: BUSY {"metadata":{"emulator":{"name":"functions"},"message":"[worker-~diagnostic~-e5054fde-c598-415a-9c0b-9851192c22a0]: BUSY"}}
[info] i  hosting: Serving hosting files from: public {"metadata":{"emulator":{"name":"hosting"},"message":"Serving hosting files from: \u001b[1mpublic\u001b[22m"}}
[info] ✔  hosting: Local server: http://localhost:5000 {"metadata":{"emulator":{"name":"hosting"},"message":"Local server: \u001b[4m\u001b[1mhttp://localhost:5000\u001b[22m\u001b[24m"}}
[debug] [2020-05-26T18:45:40.667Z] [runtime-status] [9268] Functions runtime initialized. {"cwd":"/mnt/c/Users/ded4l/code/swiss-knife/functions","node_version":"12.16.3"} {"metadata":{"emulator":{"name":"functions"},"message":"[runtime-status] [9268] Functions runtime initialized. {\"cwd\":\"/mnt/c/Users/ded4l/code/swiss-knife/functions\",\"node_version\":\"12.16.3\"}"}}
[debug] [2020-05-26T18:45:40.667Z] [runtime-status] [9268] Disabled runtime features: undefined {"metadata":{"emulator":{"name":"functions"},"message":"[runtime-status] [9268] Disabled runtime features: undefined"}}
[debug] [2020-05-26T18:45:40.669Z] [runtime-status] [9268] Resolved module firebase-admin {"declared":true,"installed":true,"version":"8.12.1","resolution":"/mnt/c/Users/ded4l/code/swiss-knife/functions/node_modules/firebase-admin/lib/index.js"} {"metadata":{"emulator":{"name":"functions"},"message":"[runtime-status] [9268] Resolved module firebase-admin {\"declared\":true,\"installed\":true,\"version\":\"8.12.1\",\"resolution\":\"/mnt/c/Users/ded4l/code/swiss-knife/functions/node_modules/firebase-admin/lib/index.js\"}"}}
[debug] [2020-05-26T18:45:40.670Z] [runtime-status] [9268] Resolved module firebase-functions {"declared":true,"installed":true,"version":"3.6.1","resolution":"/mnt/c/Users/ded4l/code/swiss-knife/functions/node_modules/firebase-functions/lib/index.js"} {"metadata":{"emulator":{"name":"functions"},"message":"[runtime-status] [9268] Resolved module firebase-functions {\"declared\":true,\"installed\":true,\"version\":\"3.6.1\",\"resolution\":\"/mnt/c/Users/ded4l/code/swiss-knife/functions/node_modules/firebase-functions/lib/index.js\"}"}}
[debug] [2020-05-26T18:45:40.672Z] [runtime-status] [9268] Outgoing network have been stubbed. [{"name":"http","status":"mocked"},{"name":"http","status":"mocked"},{"name":"https","status":"mocked"},{"name":"https","status":"mocked"},{"name":"net","status":"mocked"}] {"metadata":{"emulator":{"name":"functions"},"message":"[runtime-status] [9268] Outgoing network have been stubbed. [{\"name\":\"http\",\"status\":\"mocked\"},{\"name\":\"http\",\"status\":\"mocked\"},{\"name\":\"https\",\"status\":\"mocked\"},{\"name\":\"https\",\"status\":\"mocked\"},{\"name\":\"net\",\"status\":\"mocked\"}]"}}
[debug] [2020-05-26T18:45:40.706Z] [runtime-status] [9268] Checked functions.config() {"config":{}} {"metadata":{"emulator":{"name":"functions"},"message":"[runtime-status] [9268] Checked functions.config() {\"config\":{}}"}}
[debug] [2020-05-26T18:45:40.706Z] [runtime-status] [9268] Resolved module firebase-functions {"declared":true,"installed":true,"version":"3.6.1","resolution":"/mnt/c/Users/ded4l/code/swiss-knife/functions/node_modules/firebase-functions/lib/index.js"} {"metadata":{"emulator":{"name":"functions"},"message":"[runtime-status] [9268] Resolved module firebase-functions {\"declared\":true,\"installed\":true,\"version\":\"3.6.1\",\"resolution\":\"/mnt/c/Users/ded4l/code/swiss-knife/functions/node_modules/firebase-functions/lib/index.js\"}"}}
[debug] [2020-05-26T18:45:40.707Z] [runtime-status] [9268] Resolved module firebase-admin {"declared":true,"installed":true,"version":"8.12.1","resolution":"/mnt/c/Users/ded4l/code/swiss-knife/functions/node_modules/firebase-admin/lib/index.js"} {"metadata":{"emulator":{"name":"functions"},"message":"[runtime-status] [9268] Resolved module firebase-admin {\"declared\":true,\"installed\":true,\"version\":\"8.12.1\",\"resolution\":\"/mnt/c/Users/ded4l/code/swiss-knife/functions/node_modules/firebase-admin/lib/index.js\"}"}}
[debug] [2020-05-26T18:45:40.708Z] [runtime-status] [9268] Resolved module firebase-functions {"declared":true,"installed":true,"version":"3.6.1","resolution":"/mnt/c/Users/ded4l/code/swiss-knife/functions/node_modules/firebase-functions/lib/index.js"} {"metadata":{"emulator":{"name":"functions"},"message":"[runtime-status] [9268] Resolved module firebase-functions {\"declared\":true,\"installed\":true,\"version\":\"3.6.1\",\"resolution\":\"/mnt/c/Users/ded4l/code/swiss-knife/functions/node_modules/firebase-functions/lib/index.js\"}"}}
[debug] [2020-05-26T18:45:40.708Z] [runtime-status] [9268] firebase-admin has been stubbed. {"adminResolution":{"declared":true,"installed":true,"version":"8.12.1","resolution":"/mnt/c/Users/ded4l/code/swiss-knife/functions/node_modules/firebase-admin/lib/index.js"}} {"metadata":{"emulator":{"name":"functions"},"message":"[runtime-status] [9268] firebase-admin has been stubbed. {\"adminResolution\":{\"declared\":true,\"installed\":true,\"version\":\"8.12.1\",\"resolution\":\"/mnt/c/Users/ded4l/code/swiss-knife/functions/node_modules/firebase-admin/lib/index.js\"}}"}}
[warn] ⚠  /mnt/c/Users/ded4l/code/swiss-knife/functions/index.js:1
import functions from 'firebase-functions'
^^^^^^

SyntaxError: Cannot use import statement outside a module
    at wrapSafe (internal/modules/cjs/loader.js:1047:16)
    at Module._compile (internal/modules/cjs/loader.js:1097:27)
    at Object.Module._extensions..js (internal/modules/cjs/loader.js:1153:10)
    at Module.load (internal/modules/cjs/loader.js:977:32)
    at Function.Module._load (internal/modules/cjs/loader.js:877:14)
    at Module.require (internal/modules/cjs/loader.js:1019:19)
    at require (internal/modules/cjs/helpers.js:77:18)
    at /home/lebeda/.nvm/versions/node/v12.16.3/lib/node_modules/firebase-tools/lib/emulator/functionsEmulatorRuntime.js:661:33
    at Generator.next (<anonymous>)
    at fulfilled (/home/lebeda/.nvm/versions/node/v12.16.3/lib/node_modules/firebase-tools/lib/emulator/functionsEmulatorRuntime.js:5:58) {"metadata":{"emulator":{"name":"functions"},"message":"/mnt/c/Users/ded4l/code/swiss-knife/functions/index.js:1\nimport functions from 'firebase-functions'\n^^^^^^\n\nSyntaxError: Cannot use import statement outside a module\n    at wrapSafe (internal/modules/cjs/loader.js:1047:16)\n    at Module._compile (internal/modules/cjs/loader.js:1097:27)\n    at Object.Module._extensions..js (internal/modules/cjs/loader.js:1153:10)\n    at Module.load (internal/modules/cjs/loader.js:977:32)\n    at Function.Module._load (internal/modules/cjs/loader.js:877:14)\n    at Module.require (internal/modules/cjs/loader.js:1019:19)\n    at require (internal/modules/cjs/helpers.js:77:18)\n    at /home/lebeda/.nvm/versions/node/v12.16.3/lib/node_modules/firebase-tools/lib/emulator/functionsEmulatorRuntime.js:661:33\n    at Generator.next (<anonymous>)\n    at fulfilled (/home/lebeda/.nvm/versions/node/v12.16.3/lib/node_modules/firebase-tools/lib/emulator/functionsEmulatorRuntime.js:5:58)"}}
[warn] ⚠  We were unable to load your functions code. (see above) {"metadata":{"emulator":{"name":"functions"}}}
[debug] [2020-05-26T18:45:40.722Z] [worker-~diagnostic~-e5054fde-c598-415a-9c0b-9851192c22a0]: exited {"metadata":{"emulator":{"name":"functions"},"message":"[worker-~diagnostic~-e5054fde-c598-415a-9c0b-9851192c22a0]: exited"}}
[debug] [2020-05-26T18:45:40.722Z] [worker-~diagnostic~-e5054fde-c598-415a-9c0b-9851192c22a0]: FINISHED {"metadata":{"emulator":{"name":"functions"},"message":"[worker-~diagnostic~-e5054fde-c598-415a-9c0b-9851192c22a0]: FINISHED"}}
